{"C:\\Users\\lokis\\OneDrive\\Escritorio\\Class Stuff\\a. Spring 2023 Courses\\COSC 4353\\Fuel Price Calculator\\backend\\db.js": {"path":"C:\\Users\\lokis\\OneDrive\\Escritorio\\Class Stuff\\a. Spring 2023 Courses\\COSC 4353\\Fuel Price Calculator\\backend\\db.js","statementMap":{"0":{"start":{"line":1,"column":14},"end":{"line":1,"column":30}},"1":{"start":{"line":2,"column":13},"end":{"line":2,"column":28}},"2":{"start":{"line":4,"column":19},"end":{"line":11,"column":2}},"3":{"start":{"line":13,"column":0},"end":{"line":16,"column":5}},"4":{"start":{"line":14,"column":4},"end":{"line":14,"column":23}},"5":{"start":{"line":14,"column":13},"end":{"line":14,"column":23}},"6":{"start":{"line":15,"column":4},"end":{"line":15,"column":52}},"7":{"start":{"line":18,"column":18},"end":{"line":34,"column":1}},"8":{"start":{"line":19,"column":2},"end":{"line":33,"column":5}},"9":{"start":{"line":20,"column":16},"end":{"line":25,"column":5}},"10":{"start":{"line":26,"column":4},"end":{"line":32,"column":7}},"11":{"start":{"line":27,"column":6},"end":{"line":31,"column":7}},"12":{"start":{"line":28,"column":8},"end":{"line":28,"column":22}},"13":{"start":{"line":30,"column":8},"end":{"line":30,"column":25}},"14":{"start":{"line":36,"column":18},"end":{"line":49,"column":1}},"15":{"start":{"line":37,"column":2},"end":{"line":48,"column":5}},"16":{"start":{"line":38,"column":16},"end":{"line":38,"column":113}},"17":{"start":{"line":39,"column":19},"end":{"line":39,"column":73}},"18":{"start":{"line":41,"column":4},"end":{"line":47,"column":9}},"19":{"start":{"line":42,"column":8},"end":{"line":46,"column":9}},"20":{"start":{"line":43,"column":10},"end":{"line":43,"column":24}},"21":{"start":{"line":45,"column":10},"end":{"line":45,"column":27}},"22":{"start":{"line":51,"column":20},"end":{"line":63,"column":1}},"23":{"start":{"line":52,"column":2},"end":{"line":52,"column":22}},"24":{"start":{"line":53,"column":2},"end":{"line":62,"column":5}},"25":{"start":{"line":54,"column":16},"end":{"line":54,"column":229}},"26":{"start":{"line":55,"column":4},"end":{"line":61,"column":9}},"27":{"start":{"line":56,"column":8},"end":{"line":60,"column":9}},"28":{"start":{"line":57,"column":10},"end":{"line":57,"column":24}},"29":{"start":{"line":59,"column":10},"end":{"line":59,"column":27}},"30":{"start":{"line":65,"column":20},"end":{"line":79,"column":1}},"31":{"start":{"line":66,"column":2},"end":{"line":78,"column":5}},"32":{"start":{"line":67,"column":18},"end":{"line":67,"column":46}},"33":{"start":{"line":69,"column":16},"end":{"line":69,"column":230}},"34":{"start":{"line":70,"column":19},"end":{"line":70,"column":123}},"35":{"start":{"line":71,"column":4},"end":{"line":77,"column":9}},"36":{"start":{"line":72,"column":8},"end":{"line":76,"column":9}},"37":{"start":{"line":73,"column":10},"end":{"line":73,"column":24}},"38":{"start":{"line":75,"column":10},"end":{"line":75,"column":27}},"39":{"start":{"line":81,"column":20},"end":{"line":93,"column":1}},"40":{"start":{"line":82,"column":2},"end":{"line":92,"column":5}},"41":{"start":{"line":83,"column":16},"end":{"line":83,"column":57}},"42":{"start":{"line":84,"column":19},"end":{"line":84,"column":27}},"43":{"start":{"line":85,"column":4},"end":{"line":91,"column":9}},"44":{"start":{"line":86,"column":8},"end":{"line":90,"column":9}},"45":{"start":{"line":87,"column":10},"end":{"line":87,"column":24}},"46":{"start":{"line":89,"column":10},"end":{"line":89,"column":27}},"47":{"start":{"line":95,"column":19},"end":{"line":107,"column":1}},"48":{"start":{"line":96,"column":2},"end":{"line":106,"column":5}},"49":{"start":{"line":97,"column":16},"end":{"line":97,"column":60}},"50":{"start":{"line":98,"column":19},"end":{"line":98,"column":30}},"51":{"start":{"line":99,"column":4},"end":{"line":105,"column":9}},"52":{"start":{"line":100,"column":8},"end":{"line":104,"column":9}},"53":{"start":{"line":101,"column":10},"end":{"line":101,"column":24}},"54":{"start":{"line":103,"column":10},"end":{"line":103,"column":27}},"55":{"start":{"line":109,"column":18},"end":{"line":124,"column":3}},"56":{"start":{"line":110,"column":4},"end":{"line":123,"column":7}},"57":{"start":{"line":112,"column":18},"end":{"line":112,"column":75}},"58":{"start":{"line":113,"column":21},"end":{"line":113,"column":48}},"59":{"start":{"line":116,"column":6},"end":{"line":122,"column":9}},"60":{"start":{"line":117,"column":8},"end":{"line":121,"column":9}},"61":{"start":{"line":118,"column":10},"end":{"line":118,"column":24}},"62":{"start":{"line":120,"column":10},"end":{"line":120,"column":27}},"63":{"start":{"line":127,"column":18},"end":{"line":143,"column":3}},"64":{"start":{"line":128,"column":4},"end":{"line":142,"column":7}},"65":{"start":{"line":131,"column":18},"end":{"line":131,"column":57}},"66":{"start":{"line":132,"column":21},"end":{"line":132,"column":31}},"67":{"start":{"line":135,"column":6},"end":{"line":141,"column":9}},"68":{"start":{"line":136,"column":8},"end":{"line":140,"column":9}},"69":{"start":{"line":137,"column":10},"end":{"line":137,"column":24}},"70":{"start":{"line":139,"column":10},"end":{"line":139,"column":30}},"71":{"start":{"line":147,"column":21},"end":{"line":163,"column":3}},"72":{"start":{"line":148,"column":4},"end":{"line":162,"column":7}},"73":{"start":{"line":151,"column":18},"end":{"line":151,"column":58}},"74":{"start":{"line":152,"column":21},"end":{"line":152,"column":29}},"75":{"start":{"line":155,"column":6},"end":{"line":161,"column":9}},"76":{"start":{"line":156,"column":8},"end":{"line":160,"column":9}},"77":{"start":{"line":157,"column":10},"end":{"line":157,"column":24}},"78":{"start":{"line":159,"column":10},"end":{"line":159,"column":27}},"79":{"start":{"line":166,"column":21},"end":{"line":182,"column":3}},"80":{"start":{"line":167,"column":4},"end":{"line":181,"column":7}},"81":{"start":{"line":169,"column":18},"end":{"line":169,"column":108}},"82":{"start":{"line":170,"column":6},"end":{"line":170,"column":24}},"83":{"start":{"line":173,"column":6},"end":{"line":180,"column":9}},"84":{"start":{"line":174,"column":8},"end":{"line":179,"column":9}},"85":{"start":{"line":175,"column":10},"end":{"line":175,"column":24}},"86":{"start":{"line":178,"column":10},"end":{"line":178,"column":30}},"87":{"start":{"line":184,"column":2},"end":{"line":196,"column":4}}},"fnMap":{"0":{"name":"(anonymous_0)","decl":{"start":{"line":13,"column":19},"end":{"line":13,"column":20}},"loc":{"start":{"line":13,"column":28},"end":{"line":16,"column":3}},"line":13},"1":{"name":"(anonymous_1)","decl":{"start":{"line":18,"column":18},"end":{"line":18,"column":19}},"loc":{"start":{"line":18,"column":30},"end":{"line":34,"column":1}},"line":18},"2":{"name":"(anonymous_2)","decl":{"start":{"line":19,"column":21},"end":{"line":19,"column":22}},"loc":{"start":{"line":19,"column":42},"end":{"line":33,"column":3}},"line":19},"3":{"name":"(anonymous_3)","decl":{"start":{"line":26,"column":26},"end":{"line":26,"column":27}},"loc":{"start":{"line":26,"column":46},"end":{"line":32,"column":5}},"line":26},"4":{"name":"(anonymous_4)","decl":{"start":{"line":36,"column":18},"end":{"line":36,"column":19}},"loc":{"start":{"line":36,"column":76},"end":{"line":49,"column":1}},"line":36},"5":{"name":"(anonymous_5)","decl":{"start":{"line":37,"column":21},"end":{"line":37,"column":22}},"loc":{"start":{"line":37,"column":42},"end":{"line":48,"column":3}},"line":37},"6":{"name":"(anonymous_6)","decl":{"start":{"line":41,"column":34},"end":{"line":41,"column":35}},"loc":{"start":{"line":41,"column":54},"end":{"line":47,"column":7}},"line":41},"7":{"name":"(anonymous_7)","decl":{"start":{"line":51,"column":20},"end":{"line":51,"column":21}},"loc":{"start":{"line":51,"column":32},"end":{"line":63,"column":1}},"line":51},"8":{"name":"(anonymous_8)","decl":{"start":{"line":53,"column":21},"end":{"line":53,"column":22}},"loc":{"start":{"line":53,"column":42},"end":{"line":62,"column":3}},"line":53},"9":{"name":"(anonymous_9)","decl":{"start":{"line":55,"column":26},"end":{"line":55,"column":27}},"loc":{"start":{"line":55,"column":46},"end":{"line":61,"column":7}},"line":55},"10":{"name":"(anonymous_10)","decl":{"start":{"line":65,"column":20},"end":{"line":65,"column":21}},"loc":{"start":{"line":65,"column":46},"end":{"line":79,"column":1}},"line":65},"11":{"name":"(anonymous_11)","decl":{"start":{"line":66,"column":21},"end":{"line":66,"column":22}},"loc":{"start":{"line":66,"column":42},"end":{"line":78,"column":3}},"line":66},"12":{"name":"(anonymous_12)","decl":{"start":{"line":71,"column":34},"end":{"line":71,"column":35}},"loc":{"start":{"line":71,"column":54},"end":{"line":77,"column":7}},"line":71},"13":{"name":"(anonymous_13)","decl":{"start":{"line":81,"column":20},"end":{"line":81,"column":21}},"loc":{"start":{"line":81,"column":32},"end":{"line":93,"column":1}},"line":81},"14":{"name":"(anonymous_14)","decl":{"start":{"line":82,"column":21},"end":{"line":82,"column":22}},"loc":{"start":{"line":82,"column":42},"end":{"line":92,"column":3}},"line":82},"15":{"name":"(anonymous_15)","decl":{"start":{"line":85,"column":34},"end":{"line":85,"column":35}},"loc":{"start":{"line":85,"column":54},"end":{"line":91,"column":7}},"line":85},"16":{"name":"(anonymous_16)","decl":{"start":{"line":95,"column":19},"end":{"line":95,"column":20}},"loc":{"start":{"line":95,"column":34},"end":{"line":107,"column":1}},"line":95},"17":{"name":"(anonymous_17)","decl":{"start":{"line":96,"column":21},"end":{"line":96,"column":22}},"loc":{"start":{"line":96,"column":42},"end":{"line":106,"column":3}},"line":96},"18":{"name":"(anonymous_18)","decl":{"start":{"line":99,"column":34},"end":{"line":99,"column":35}},"loc":{"start":{"line":99,"column":54},"end":{"line":105,"column":7}},"line":99},"19":{"name":"(anonymous_19)","decl":{"start":{"line":109,"column":18},"end":{"line":109,"column":19}},"loc":{"start":{"line":109,"column":48},"end":{"line":124,"column":3}},"line":109},"20":{"name":"(anonymous_20)","decl":{"start":{"line":110,"column":23},"end":{"line":110,"column":24}},"loc":{"start":{"line":110,"column":44},"end":{"line":123,"column":5}},"line":110},"21":{"name":"(anonymous_21)","decl":{"start":{"line":116,"column":36},"end":{"line":116,"column":37}},"loc":{"start":{"line":116,"column":56},"end":{"line":122,"column":7}},"line":116},"22":{"name":"(anonymous_22)","decl":{"start":{"line":127,"column":18},"end":{"line":127,"column":19}},"loc":{"start":{"line":127,"column":32},"end":{"line":143,"column":3}},"line":127},"23":{"name":"(anonymous_23)","decl":{"start":{"line":128,"column":23},"end":{"line":128,"column":24}},"loc":{"start":{"line":128,"column":44},"end":{"line":142,"column":5}},"line":128},"24":{"name":"(anonymous_24)","decl":{"start":{"line":135,"column":36},"end":{"line":135,"column":37}},"loc":{"start":{"line":135,"column":56},"end":{"line":141,"column":7}},"line":135},"25":{"name":"(anonymous_25)","decl":{"start":{"line":147,"column":21},"end":{"line":147,"column":22}},"loc":{"start":{"line":147,"column":33},"end":{"line":163,"column":3}},"line":147},"26":{"name":"(anonymous_26)","decl":{"start":{"line":148,"column":23},"end":{"line":148,"column":24}},"loc":{"start":{"line":148,"column":44},"end":{"line":162,"column":5}},"line":148},"27":{"name":"(anonymous_27)","decl":{"start":{"line":155,"column":36},"end":{"line":155,"column":37}},"loc":{"start":{"line":155,"column":56},"end":{"line":161,"column":7}},"line":155},"28":{"name":"(anonymous_28)","decl":{"start":{"line":166,"column":21},"end":{"line":166,"column":22}},"loc":{"start":{"line":166,"column":33},"end":{"line":182,"column":3}},"line":166},"29":{"name":"(anonymous_29)","decl":{"start":{"line":167,"column":23},"end":{"line":167,"column":24}},"loc":{"start":{"line":167,"column":44},"end":{"line":181,"column":5}},"line":167},"30":{"name":"(anonymous_30)","decl":{"start":{"line":173,"column":37},"end":{"line":173,"column":38}},"loc":{"start":{"line":173,"column":57},"end":{"line":180,"column":7}},"line":173}},"branchMap":{"0":{"loc":{"start":{"line":14,"column":4},"end":{"line":14,"column":23}},"type":"if","locations":[{"start":{"line":14,"column":4},"end":{"line":14,"column":23}},{"start":{},"end":{}}],"line":14},"1":{"loc":{"start":{"line":27,"column":6},"end":{"line":31,"column":7}},"type":"if","locations":[{"start":{"line":27,"column":6},"end":{"line":31,"column":7}},{"start":{"line":29,"column":13},"end":{"line":31,"column":7}}],"line":27},"2":{"loc":{"start":{"line":42,"column":8},"end":{"line":46,"column":9}},"type":"if","locations":[{"start":{"line":42,"column":8},"end":{"line":46,"column":9}},{"start":{"line":44,"column":15},"end":{"line":46,"column":9}}],"line":42},"3":{"loc":{"start":{"line":56,"column":8},"end":{"line":60,"column":9}},"type":"if","locations":[{"start":{"line":56,"column":8},"end":{"line":60,"column":9}},{"start":{"line":58,"column":15},"end":{"line":60,"column":9}}],"line":56},"4":{"loc":{"start":{"line":72,"column":8},"end":{"line":76,"column":9}},"type":"if","locations":[{"start":{"line":72,"column":8},"end":{"line":76,"column":9}},{"start":{"line":74,"column":15},"end":{"line":76,"column":9}}],"line":72},"5":{"loc":{"start":{"line":86,"column":8},"end":{"line":90,"column":9}},"type":"if","locations":[{"start":{"line":86,"column":8},"end":{"line":90,"column":9}},{"start":{"line":88,"column":15},"end":{"line":90,"column":9}}],"line":86},"6":{"loc":{"start":{"line":100,"column":8},"end":{"line":104,"column":9}},"type":"if","locations":[{"start":{"line":100,"column":8},"end":{"line":104,"column":9}},{"start":{"line":102,"column":15},"end":{"line":104,"column":9}}],"line":100},"7":{"loc":{"start":{"line":117,"column":8},"end":{"line":121,"column":9}},"type":"if","locations":[{"start":{"line":117,"column":8},"end":{"line":121,"column":9}},{"start":{"line":119,"column":15},"end":{"line":121,"column":9}}],"line":117},"8":{"loc":{"start":{"line":136,"column":8},"end":{"line":140,"column":9}},"type":"if","locations":[{"start":{"line":136,"column":8},"end":{"line":140,"column":9}},{"start":{"line":138,"column":15},"end":{"line":140,"column":9}}],"line":136},"9":{"loc":{"start":{"line":156,"column":8},"end":{"line":160,"column":9}},"type":"if","locations":[{"start":{"line":156,"column":8},"end":{"line":160,"column":9}},{"start":{"line":158,"column":15},"end":{"line":160,"column":9}}],"line":156},"10":{"loc":{"start":{"line":174,"column":8},"end":{"line":179,"column":9}},"type":"if","locations":[{"start":{"line":174,"column":8},"end":{"line":179,"column":9}},{"start":{"line":177,"column":12},"end":{"line":179,"column":9}}],"line":174}},"s":{"0":9,"1":9,"2":9,"3":9,"4":9,"5":0,"6":9,"7":9,"8":5,"9":5,"10":5,"11":5,"12":0,"13":5,"14":9,"15":3,"16":3,"17":3,"18":3,"19":3,"20":1,"21":2,"22":9,"23":2,"24":2,"25":2,"26":2,"27":2,"28":0,"29":2,"30":9,"31":3,"32":3,"33":3,"34":3,"35":3,"36":3,"37":0,"38":3,"39":9,"40":1,"41":1,"42":1,"43":1,"44":1,"45":0,"46":1,"47":9,"48":1,"49":1,"50":1,"51":1,"52":1,"53":0,"54":1,"55":9,"56":2,"57":2,"58":2,"59":2,"60":2,"61":0,"62":2,"63":9,"64":9,"65":9,"66":9,"67":9,"68":9,"69":0,"70":9,"71":9,"72":4,"73":4,"74":4,"75":4,"76":4,"77":0,"78":4,"79":9,"80":3,"81":3,"82":3,"83":3,"84":3,"85":0,"86":3,"87":9},"f":{"0":9,"1":5,"2":5,"3":5,"4":3,"5":3,"6":3,"7":2,"8":2,"9":2,"10":3,"11":3,"12":3,"13":1,"14":1,"15":1,"16":1,"17":1,"18":1,"19":2,"20":2,"21":2,"22":9,"23":9,"24":9,"25":4,"26":4,"27":4,"28":3,"29":3,"30":3},"b":{"0":[0,9],"1":[0,5],"2":[1,2],"3":[0,2],"4":[0,3],"5":[0,1],"6":[0,1],"7":[0,2],"8":[0,9],"9":[0,4],"10":[0,3]},"_coverageSchema":"1a1c01bbd47fc00a2c39e90264f33305004495a9","hash":"865939df238b4ce56e2565de016333745575cb51"}
,"C:\\Users\\lokis\\OneDrive\\Escritorio\\Class Stuff\\a. Spring 2023 Courses\\COSC 4353\\Fuel Price Calculator\\backend\\index.js": {"path":"C:\\Users\\lokis\\OneDrive\\Escritorio\\Class Stuff\\a. Spring 2023 Courses\\COSC 4353\\Fuel Price Calculator\\backend\\index.js","statementMap":{"0":{"start":{"line":1,"column":16},"end":{"line":1,"column":34}},"1":{"start":{"line":2,"column":13},"end":{"line":2,"column":28}},"2":{"start":{"line":4,"column":19},"end":{"line":4,"column":43}},"3":{"start":{"line":5,"column":22},"end":{"line":5,"column":49}},"4":{"start":{"line":6,"column":20},"end":{"line":6,"column":45}},"5":{"start":{"line":7,"column":20},"end":{"line":7,"column":47}},"6":{"start":{"line":9,"column":19},"end":{"line":9,"column":34}},"7":{"start":{"line":12,"column":12},"end":{"line":12,"column":21}},"8":{"start":{"line":13,"column":13},"end":{"line":13,"column":17}},"9":{"start":{"line":15,"column":20},"end":{"line":20,"column":1}},"10":{"start":{"line":22,"column":0},"end":{"line":22,"column":24}},"11":{"start":{"line":23,"column":0},"end":{"line":23,"column":49}},"12":{"start":{"line":24,"column":0},"end":{"line":24,"column":16}},"13":{"start":{"line":26,"column":0},"end":{"line":26,"column":29}},"14":{"start":{"line":27,"column":0},"end":{"line":27,"column":35}},"15":{"start":{"line":28,"column":0},"end":{"line":28,"column":31}},"16":{"start":{"line":29,"column":0},"end":{"line":29,"column":31}},"17":{"start":{"line":39,"column":0},"end":{"line":43,"column":1}},"18":{"start":{"line":40,"column":2},"end":{"line":42,"column":5}},"19":{"start":{"line":41,"column":4},"end":{"line":41,"column":69}},"20":{"start":{"line":45,"column":0},"end":{"line":45,"column":21}}},"fnMap":{"0":{"name":"(anonymous_0)","decl":{"start":{"line":40,"column":19},"end":{"line":40,"column":20}},"loc":{"start":{"line":40,"column":25},"end":{"line":42,"column":3}},"line":40}},"branchMap":{"0":{"loc":{"start":{"line":39,"column":0},"end":{"line":43,"column":1}},"type":"if","locations":[{"start":{"line":39,"column":0},"end":{"line":43,"column":1}},{"start":{},"end":{}}],"line":39}},"s":{"0":4,"1":4,"2":4,"3":4,"4":4,"5":4,"6":4,"7":4,"8":4,"9":4,"10":4,"11":4,"12":4,"13":4,"14":4,"15":4,"16":4,"17":4,"18":0,"19":0,"20":4},"f":{"0":0},"b":{"0":[0,4]},"_coverageSchema":"1a1c01bbd47fc00a2c39e90264f33305004495a9","hash":"19ab0881499fc7a13dfed50cdf170c494328fb7d"}
,"C:\\Users\\lokis\\OneDrive\\Escritorio\\Class Stuff\\a. Spring 2023 Courses\\COSC 4353\\Fuel Price Calculator\\backend\\routes\\pricing.js": {"path":"C:\\Users\\lokis\\OneDrive\\Escritorio\\Class Stuff\\a. Spring 2023 Courses\\COSC 4353\\Fuel Price Calculator\\backend\\routes\\pricing.js","statementMap":{"0":{"start":{"line":1,"column":16},"end":{"line":1,"column":34}},"1":{"start":{"line":2,"column":41},"end":{"line":2,"column":69}},"2":{"start":{"line":4,"column":23},"end":{"line":4,"column":61}},"3":{"start":{"line":6,"column":15},"end":{"line":6,"column":31}},"4":{"start":{"line":9,"column":0},"end":{"line":27,"column":3}},"5":{"start":{"line":13,"column":19},"end":{"line":13,"column":40}},"6":{"start":{"line":14,"column":4},"end":{"line":16,"column":5}},"7":{"start":{"line":15,"column":8},"end":{"line":15,"column":64}},"8":{"start":{"line":18,"column":32},"end":{"line":18,"column":40}},"9":{"start":{"line":20,"column":4},"end":{"line":26,"column":5}},"10":{"start":{"line":21,"column":22},"end":{"line":21,"column":74}},"11":{"start":{"line":22,"column":8},"end":{"line":22,"column":47}},"12":{"start":{"line":24,"column":8},"end":{"line":24,"column":35}},"13":{"start":{"line":25,"column":8},"end":{"line":25,"column":61}},"14":{"start":{"line":29,"column":0},"end":{"line":29,"column":24}}},"fnMap":{"0":{"name":"(anonymous_0)","decl":{"start":{"line":12,"column":4},"end":{"line":12,"column":5}},"loc":{"start":{"line":12,"column":24},"end":{"line":27,"column":1}},"line":12}},"branchMap":{"0":{"loc":{"start":{"line":14,"column":4},"end":{"line":16,"column":5}},"type":"if","locations":[{"start":{"line":14,"column":4},"end":{"line":16,"column":5}},{"start":{},"end":{}}],"line":14}},"s":{"0":6,"1":6,"2":6,"3":6,"4":6,"5":6,"6":6,"7":4,"8":2,"9":2,"10":2,"11":2,"12":0,"13":0,"14":6},"f":{"0":6},"b":{"0":[4,2]},"_coverageSchema":"1a1c01bbd47fc00a2c39e90264f33305004495a9","hash":"7c44b35f325f61ee1c5bac479903c9c1e2677966"}
,"C:\\Users\\lokis\\OneDrive\\Escritorio\\Class Stuff\\a. Spring 2023 Courses\\COSC 4353\\Fuel Price Calculator\\backend\\routes\\profile.js": {"path":"C:\\Users\\lokis\\OneDrive\\Escritorio\\Class Stuff\\a. Spring 2023 Courses\\COSC 4353\\Fuel Price Calculator\\backend\\routes\\profile.js","statementMap":{"0":{"start":{"line":1,"column":16},"end":{"line":1,"column":34}},"1":{"start":{"line":2,"column":41},"end":{"line":2,"column":69}},"2":{"start":{"line":4,"column":23},"end":{"line":4,"column":61}},"3":{"start":{"line":6,"column":15},"end":{"line":6,"column":31}},"4":{"start":{"line":9,"column":0},"end":{"line":27,"column":2}},"5":{"start":{"line":12,"column":23},"end":{"line":12,"column":44}},"6":{"start":{"line":13,"column":8},"end":{"line":15,"column":9}},"7":{"start":{"line":14,"column":12},"end":{"line":14,"column":68}},"8":{"start":{"line":17,"column":27},"end":{"line":17,"column":36}},"9":{"start":{"line":19,"column":8},"end":{"line":25,"column":9}},"10":{"start":{"line":20,"column":28},"end":{"line":20,"column":67}},"11":{"start":{"line":21,"column":12},"end":{"line":21,"column":53}},"12":{"start":{"line":23,"column":12},"end":{"line":23,"column":76}},"13":{"start":{"line":24,"column":12},"end":{"line":24,"column":76}},"14":{"start":{"line":30,"column":0},"end":{"line":61,"column":2}},"15":{"start":{"line":38,"column":8},"end":{"line":38,"column":59}},"16":{"start":{"line":41,"column":23},"end":{"line":41,"column":44}},"17":{"start":{"line":42,"column":8},"end":{"line":44,"column":9}},"18":{"start":{"line":43,"column":12},"end":{"line":43,"column":68}},"19":{"start":{"line":46,"column":44},"end":{"line":46,"column":52}},"20":{"start":{"line":48,"column":8},"end":{"line":59,"column":9}},"21":{"start":{"line":49,"column":32},"end":{"line":49,"column":87}},"22":{"start":{"line":51,"column":12},"end":{"line":53,"column":13}},"23":{"start":{"line":52,"column":16},"end":{"line":52,"column":68}},"24":{"start":{"line":55,"column":12},"end":{"line":55,"column":63}},"25":{"start":{"line":57,"column":12},"end":{"line":57,"column":76}},"26":{"start":{"line":58,"column":12},"end":{"line":58,"column":76}},"27":{"start":{"line":63,"column":0},"end":{"line":63,"column":24}}},"fnMap":{"0":{"name":"(anonymous_0)","decl":{"start":{"line":11,"column":4},"end":{"line":11,"column":5}},"loc":{"start":{"line":11,"column":24},"end":{"line":26,"column":5}},"line":11},"1":{"name":"(anonymous_1)","decl":{"start":{"line":37,"column":4},"end":{"line":37,"column":5}},"loc":{"start":{"line":37,"column":24},"end":{"line":60,"column":5}},"line":37}},"branchMap":{"0":{"loc":{"start":{"line":13,"column":8},"end":{"line":15,"column":9}},"type":"if","locations":[{"start":{"line":13,"column":8},"end":{"line":15,"column":9}},{"start":{},"end":{}}],"line":13},"1":{"loc":{"start":{"line":42,"column":8},"end":{"line":44,"column":9}},"type":"if","locations":[{"start":{"line":42,"column":8},"end":{"line":44,"column":9}},{"start":{},"end":{}}],"line":42},"2":{"loc":{"start":{"line":51,"column":12},"end":{"line":53,"column":13}},"type":"if","locations":[{"start":{"line":51,"column":12},"end":{"line":53,"column":13}},{"start":{},"end":{}}],"line":51}},"s":{"0":4,"1":4,"2":4,"3":4,"4":4,"5":2,"6":2,"7":1,"8":1,"9":1,"10":1,"11":1,"12":0,"13":0,"14":4,"15":2,"16":2,"17":2,"18":1,"19":1,"20":1,"21":1,"22":1,"23":0,"24":1,"25":0,"26":0,"27":4},"f":{"0":2,"1":2},"b":{"0":[1,1],"1":[1,1],"2":[0,1]},"_coverageSchema":"1a1c01bbd47fc00a2c39e90264f33305004495a9","hash":"ca86c946a14cf09998eb594bd9a35f78f5b1c3e9"}
,"C:\\Users\\lokis\\OneDrive\\Escritorio\\Class Stuff\\a. Spring 2023 Courses\\COSC 4353\\Fuel Price Calculator\\backend\\routes\\quote.js": {"path":"C:\\Users\\lokis\\OneDrive\\Escritorio\\Class Stuff\\a. Spring 2023 Courses\\COSC 4353\\Fuel Price Calculator\\backend\\routes\\quote.js","statementMap":{"0":{"start":{"line":1,"column":16},"end":{"line":1,"column":34}},"1":{"start":{"line":2,"column":41},"end":{"line":2,"column":69}},"2":{"start":{"line":4,"column":21},"end":{"line":4,"column":57}},"3":{"start":{"line":6,"column":15},"end":{"line":6,"column":31}},"4":{"start":{"line":10,"column":0},"end":{"line":27,"column":3}},"5":{"start":{"line":13,"column":23},"end":{"line":13,"column":44}},"6":{"start":{"line":14,"column":8},"end":{"line":16,"column":9}},"7":{"start":{"line":15,"column":12},"end":{"line":15,"column":68}},"8":{"start":{"line":18,"column":27},"end":{"line":18,"column":36}},"9":{"start":{"line":20,"column":8},"end":{"line":26,"column":9}},"10":{"start":{"line":21,"column":27},"end":{"line":21,"column":63}},"11":{"start":{"line":22,"column":12},"end":{"line":22,"column":52}},"12":{"start":{"line":24,"column":12},"end":{"line":24,"column":73}},"13":{"start":{"line":25,"column":12},"end":{"line":25,"column":76}},"14":{"start":{"line":31,"column":0},"end":{"line":52,"column":2}},"15":{"start":{"line":38,"column":23},"end":{"line":38,"column":44}},"16":{"start":{"line":39,"column":8},"end":{"line":41,"column":9}},"17":{"start":{"line":40,"column":12},"end":{"line":40,"column":68}},"18":{"start":{"line":43,"column":37},"end":{"line":43,"column":45}},"19":{"start":{"line":45,"column":8},"end":{"line":51,"column":9}},"20":{"start":{"line":46,"column":29},"end":{"line":46,"column":71}},"21":{"start":{"line":47,"column":12},"end":{"line":47,"column":54}},"22":{"start":{"line":49,"column":12},"end":{"line":49,"column":72}},"23":{"start":{"line":50,"column":12},"end":{"line":50,"column":76}},"24":{"start":{"line":53,"column":0},"end":{"line":53,"column":24}}},"fnMap":{"0":{"name":"(anonymous_0)","decl":{"start":{"line":12,"column":4},"end":{"line":12,"column":5}},"loc":{"start":{"line":12,"column":24},"end":{"line":27,"column":1}},"line":12},"1":{"name":"(anonymous_1)","decl":{"start":{"line":37,"column":4},"end":{"line":37,"column":5}},"loc":{"start":{"line":37,"column":24},"end":{"line":52,"column":1}},"line":37}},"branchMap":{"0":{"loc":{"start":{"line":14,"column":8},"end":{"line":16,"column":9}},"type":"if","locations":[{"start":{"line":14,"column":8},"end":{"line":16,"column":9}},{"start":{},"end":{}}],"line":14},"1":{"loc":{"start":{"line":39,"column":8},"end":{"line":41,"column":9}},"type":"if","locations":[{"start":{"line":39,"column":8},"end":{"line":41,"column":9}},{"start":{},"end":{}}],"line":39}},"s":{"0":4,"1":4,"2":4,"3":4,"4":4,"5":2,"6":2,"7":1,"8":1,"9":1,"10":1,"11":1,"12":0,"13":0,"14":4,"15":2,"16":2,"17":1,"18":1,"19":1,"20":1,"21":1,"22":0,"23":0,"24":4},"f":{"0":2,"1":2},"b":{"0":[1,1],"1":[1,1]},"_coverageSchema":"1a1c01bbd47fc00a2c39e90264f33305004495a9","hash":"209ab85a50809166690e36305e77463a0d5e4889"}
,"C:\\Users\\lokis\\OneDrive\\Escritorio\\Class Stuff\\a. Spring 2023 Courses\\COSC 4353\\Fuel Price Calculator\\backend\\routes\\user.js": {"path":"C:\\Users\\lokis\\OneDrive\\Escritorio\\Class Stuff\\a. Spring 2023 Courses\\COSC 4353\\Fuel Price Calculator\\backend\\routes\\user.js","statementMap":{"0":{"start":{"line":1,"column":16},"end":{"line":1,"column":34}},"1":{"start":{"line":2,"column":41},"end":{"line":2,"column":69}},"2":{"start":{"line":4,"column":20},"end":{"line":4,"column":55}},"3":{"start":{"line":6,"column":15},"end":{"line":6,"column":31}},"4":{"start":{"line":9,"column":0},"end":{"line":27,"column":1}},"5":{"start":{"line":12,"column":23},"end":{"line":12,"column":44}},"6":{"start":{"line":13,"column":8},"end":{"line":15,"column":9}},"7":{"start":{"line":14,"column":12},"end":{"line":14,"column":68}},"8":{"start":{"line":17,"column":29},"end":{"line":17,"column":38}},"9":{"start":{"line":19,"column":8},"end":{"line":25,"column":9}},"10":{"start":{"line":20,"column":25},"end":{"line":20,"column":70}},"11":{"start":{"line":21,"column":12},"end":{"line":21,"column":50}},"12":{"start":{"line":23,"column":12},"end":{"line":23,"column":70}},"13":{"start":{"line":24,"column":12},"end":{"line":24,"column":76}},"14":{"start":{"line":30,"column":0},"end":{"line":49,"column":2}},"15":{"start":{"line":34,"column":23},"end":{"line":34,"column":44}},"16":{"start":{"line":35,"column":8},"end":{"line":37,"column":9}},"17":{"start":{"line":36,"column":12},"end":{"line":36,"column":68}},"18":{"start":{"line":39,"column":39},"end":{"line":39,"column":47}},"19":{"start":{"line":41,"column":8},"end":{"line":47,"column":9}},"20":{"start":{"line":42,"column":25},"end":{"line":42,"column":75}},"21":{"start":{"line":43,"column":12},"end":{"line":43,"column":50}},"22":{"start":{"line":45,"column":12},"end":{"line":45,"column":75}},"23":{"start":{"line":46,"column":12},"end":{"line":46,"column":76}},"24":{"start":{"line":51,"column":0},"end":{"line":69,"column":2}},"25":{"start":{"line":55,"column":23},"end":{"line":55,"column":44}},"26":{"start":{"line":56,"column":8},"end":{"line":58,"column":9}},"27":{"start":{"line":57,"column":12},"end":{"line":57,"column":68}},"28":{"start":{"line":60,"column":39},"end":{"line":60,"column":47}},"29":{"start":{"line":61,"column":8},"end":{"line":67,"column":9}},"30":{"start":{"line":62,"column":31},"end":{"line":62,"column":78}},"31":{"start":{"line":63,"column":12},"end":{"line":63,"column":62}},"32":{"start":{"line":65,"column":12},"end":{"line":65,"column":39}},"33":{"start":{"line":66,"column":12},"end":{"line":66,"column":65}},"34":{"start":{"line":71,"column":0},"end":{"line":71,"column":24}}},"fnMap":{"0":{"name":"(anonymous_0)","decl":{"start":{"line":11,"column":4},"end":{"line":11,"column":5}},"loc":{"start":{"line":11,"column":24},"end":{"line":26,"column":5}},"line":11},"1":{"name":"(anonymous_1)","decl":{"start":{"line":33,"column":4},"end":{"line":33,"column":5}},"loc":{"start":{"line":33,"column":24},"end":{"line":48,"column":5}},"line":33},"2":{"name":"(anonymous_2)","decl":{"start":{"line":54,"column":4},"end":{"line":54,"column":5}},"loc":{"start":{"line":54,"column":24},"end":{"line":68,"column":5}},"line":54}},"branchMap":{"0":{"loc":{"start":{"line":13,"column":8},"end":{"line":15,"column":9}},"type":"if","locations":[{"start":{"line":13,"column":8},"end":{"line":15,"column":9}},{"start":{},"end":{}}],"line":13},"1":{"loc":{"start":{"line":35,"column":8},"end":{"line":37,"column":9}},"type":"if","locations":[{"start":{"line":35,"column":8},"end":{"line":37,"column":9}},{"start":{},"end":{}}],"line":35},"2":{"loc":{"start":{"line":56,"column":8},"end":{"line":58,"column":9}},"type":"if","locations":[{"start":{"line":56,"column":8},"end":{"line":58,"column":9}},{"start":{},"end":{}}],"line":56}},"s":{"0":4,"1":4,"2":4,"3":4,"4":4,"5":2,"6":2,"7":1,"8":1,"9":1,"10":1,"11":1,"12":0,"13":0,"14":4,"15":3,"16":3,"17":1,"18":2,"19":2,"20":2,"21":1,"22":1,"23":1,"24":4,"25":2,"26":2,"27":1,"28":1,"29":1,"30":1,"31":1,"32":0,"33":0,"34":4},"f":{"0":2,"1":3,"2":2},"b":{"0":[1,1],"1":[1,2],"2":[1,1]},"_coverageSchema":"1a1c01bbd47fc00a2c39e90264f33305004495a9","hash":"6d7a0c058bb29145a8939e0e75c2770d8edd7358"}
,"C:\\Users\\lokis\\OneDrive\\Escritorio\\Class Stuff\\a. Spring 2023 Courses\\COSC 4353\\Fuel Price Calculator\\backend\\services\\pricing-service.js": {"path":"C:\\Users\\lokis\\OneDrive\\Escritorio\\Class Stuff\\a. Spring 2023 Courses\\COSC 4353\\Fuel Price Calculator\\backend\\services\\pricing-service.js","statementMap":{"0":{"start":{"line":1,"column":46},"end":{"line":1,"column":62}},"1":{"start":{"line":5,"column":8},"end":{"line":7,"column":11}},"2":{"start":{"line":6,"column":12},"end":{"line":6,"column":45}},"3":{"start":{"line":8,"column":21},"end":{"line":8,"column":24}},"4":{"start":{"line":10,"column":24},"end":{"line":10,"column":48}},"5":{"start":{"line":11,"column":8},"end":{"line":16,"column":9}},"6":{"start":{"line":12,"column":12},"end":{"line":12,"column":26}},"7":{"start":{"line":15,"column":12},"end":{"line":15,"column":26}},"8":{"start":{"line":18,"column":23},"end":{"line":18,"column":46}},"9":{"start":{"line":20,"column":8},"end":{"line":22,"column":9}},"10":{"start":{"line":21,"column":12},"end":{"line":21,"column":26}},"11":{"start":{"line":24,"column":8},"end":{"line":29,"column":9}},"12":{"start":{"line":25,"column":12},"end":{"line":25,"column":27}},"13":{"start":{"line":28,"column":12},"end":{"line":28,"column":27}},"14":{"start":{"line":30,"column":8},"end":{"line":30,"column":22}},"15":{"start":{"line":31,"column":22},"end":{"line":31,"column":46}},"16":{"start":{"line":32,"column":8},"end":{"line":32,"column":21}},"17":{"start":{"line":36,"column":0},"end":{"line":36,"column":32}}},"fnMap":{"0":{"name":"(anonymous_0)","decl":{"start":{"line":4,"column":4},"end":{"line":4,"column":5}},"loc":{"start":{"line":4,"column":48},"end":{"line":33,"column":5}},"line":4}},"branchMap":{"0":{"loc":{"start":{"line":5,"column":8},"end":{"line":7,"column":11}},"type":"if","locations":[{"start":{"line":5,"column":8},"end":{"line":7,"column":11}},{"start":{},"end":{}}],"line":5},"1":{"loc":{"start":{"line":5,"column":12},"end":{"line":5,"column":49}},"type":"binary-expr","locations":[{"start":{"line":5,"column":12},"end":{"line":5,"column":19}},{"start":{"line":5,"column":23},"end":{"line":5,"column":31}},{"start":{"line":5,"column":35},"end":{"line":5,"column":49}}],"line":5},"2":{"loc":{"start":{"line":11,"column":8},"end":{"line":16,"column":9}},"type":"if","locations":[{"start":{"line":11,"column":8},"end":{"line":16,"column":9}},{"start":{"line":14,"column":13},"end":{"line":16,"column":9}}],"line":11},"3":{"loc":{"start":{"line":20,"column":8},"end":{"line":22,"column":9}},"type":"if","locations":[{"start":{"line":20,"column":8},"end":{"line":22,"column":9}},{"start":{},"end":{}}],"line":20},"4":{"loc":{"start":{"line":20,"column":14},"end":{"line":20,"column":66}},"type":"binary-expr","locations":[{"start":{"line":20,"column":14},"end":{"line":20,"column":43}},{"start":{"line":20,"column":47},"end":{"line":20,"column":66}}],"line":20},"5":{"loc":{"start":{"line":24,"column":8},"end":{"line":29,"column":9}},"type":"if","locations":[{"start":{"line":24,"column":8},"end":{"line":29,"column":9}},{"start":{"line":27,"column":13},"end":{"line":29,"column":9}}],"line":24}},"s":{"0":6,"1":3,"2":0,"3":3,"4":3,"5":3,"6":3,"7":0,"8":3,"9":3,"10":3,"11":3,"12":0,"13":3,"14":3,"15":3,"16":3,"17":6},"f":{"0":3},"b":{"0":[0,3],"1":[3,3,3],"2":[3,0],"3":[3,0],"4":[3,3],"5":[0,3]},"_coverageSchema":"1a1c01bbd47fc00a2c39e90264f33305004495a9","hash":"f85c4a26ea3b73332e933eb5a77ebdc8db485cb0"}
,"C:\\Users\\lokis\\OneDrive\\Escritorio\\Class Stuff\\a. Spring 2023 Courses\\COSC 4353\\Fuel Price Calculator\\backend\\services\\profile-service.js": {"path":"C:\\Users\\lokis\\OneDrive\\Escritorio\\Class Stuff\\a. Spring 2023 Courses\\COSC 4353\\Fuel Price Calculator\\backend\\services\\profile-service.js","statementMap":{"0":{"start":{"line":1,"column":12},"end":{"line":1,"column":31}},"1":{"start":{"line":2,"column":74},"end":{"line":2,"column":90}},"2":{"start":{"line":7,"column":23},"end":{"line":7,"column":48}},"3":{"start":{"line":8,"column":7},"end":{"line":8,"column":22}},"4":{"start":{"line":12,"column":8},"end":{"line":12,"column":78}},"5":{"start":{"line":13,"column":29},"end":{"line":13,"column":53}},"6":{"start":{"line":14,"column":8},"end":{"line":21,"column":9}},"7":{"start":{"line":15,"column":12},"end":{"line":15,"column":78}},"8":{"start":{"line":16,"column":35},"end":{"line":16,"column":60}},"9":{"start":{"line":17,"column":31},"end":{"line":17,"column":55}},"10":{"start":{"line":18,"column":30},"end":{"line":18,"column":53}},"11":{"start":{"line":19,"column":12},"end":{"line":19,"column":35}},"12":{"start":{"line":20,"column":35},"end":{"line":20,"column":62}},"13":{"start":{"line":23,"column":24},"end":{"line":23,"column":63}},"14":{"start":{"line":24,"column":8},"end":{"line":24,"column":23}},"15":{"start":{"line":28,"column":0},"end":{"line":28,"column":32}}},"fnMap":{"0":{"name":"(anonymous_0)","decl":{"start":{"line":6,"column":4},"end":{"line":6,"column":5}},"loc":{"start":{"line":6,"column":36},"end":{"line":9,"column":5}},"line":6},"1":{"name":"(anonymous_1)","decl":{"start":{"line":11,"column":4},"end":{"line":11,"column":5}},"loc":{"start":{"line":11,"column":50},"end":{"line":25,"column":5}},"line":11}},"branchMap":{"0":{"loc":{"start":{"line":14,"column":8},"end":{"line":21,"column":9}},"type":"if","locations":[{"start":{"line":14,"column":8},"end":{"line":21,"column":9}},{"start":{},"end":{}}],"line":14},"1":{"loc":{"start":{"line":14,"column":12},"end":{"line":14,"column":76}},"type":"binary-expr","locations":[{"start":{"line":14,"column":12},"end":{"line":14,"column":47}},{"start":{"line":14,"column":51},"end":{"line":14,"column":76}}],"line":14}},"s":{"0":4,"1":4,"2":2,"3":2,"4":3,"5":3,"6":3,"7":1,"8":1,"9":1,"10":1,"11":1,"12":1,"13":3,"14":3,"15":4},"f":{"0":2,"1":3},"b":{"0":[1,2],"1":[3,3]},"_coverageSchema":"1a1c01bbd47fc00a2c39e90264f33305004495a9","hash":"8117dddcd587c8dd111030ead6156e47a759067a"}
,"C:\\Users\\lokis\\OneDrive\\Escritorio\\Class Stuff\\a. Spring 2023 Courses\\COSC 4353\\Fuel Price Calculator\\backend\\services\\quote-service.js": {"path":"C:\\Users\\lokis\\OneDrive\\Escritorio\\Class Stuff\\a. Spring 2023 Courses\\COSC 4353\\Fuel Price Calculator\\backend\\services\\quote-service.js","statementMap":{"0":{"start":{"line":1,"column":45},"end":{"line":1,"column":64}},"1":{"start":{"line":6,"column":20},"end":{"line":6,"column":43}},"2":{"start":{"line":7,"column":23},"end":{"line":16,"column":10}},"3":{"start":{"line":8,"column":24},"end":{"line":8,"column":26}},"4":{"start":{"line":9,"column":12},"end":{"line":9,"column":56}},"5":{"start":{"line":10,"column":12},"end":{"line":10,"column":51}},"6":{"start":{"line":11,"column":12},"end":{"line":11,"column":49}},"7":{"start":{"line":12,"column":12},"end":{"line":12,"column":48}},"8":{"start":{"line":13,"column":12},"end":{"line":13,"column":36}},"9":{"start":{"line":14,"column":12},"end":{"line":14,"column":36}},"10":{"start":{"line":15,"column":12},"end":{"line":15,"column":25}},"11":{"start":{"line":18,"column":8},"end":{"line":18,"column":22}},"12":{"start":{"line":22,"column":65},"end":{"line":22,"column":70}},"13":{"start":{"line":24,"column":25},"end":{"line":24,"column":94}},"14":{"start":{"line":25,"column":8},"end":{"line":25,"column":24}},"15":{"start":{"line":29,"column":0},"end":{"line":29,"column":30}}},"fnMap":{"0":{"name":"(anonymous_0)","decl":{"start":{"line":5,"column":4},"end":{"line":5,"column":5}},"loc":{"start":{"line":5,"column":35},"end":{"line":19,"column":5}},"line":5},"1":{"name":"(anonymous_1)","decl":{"start":{"line":7,"column":31},"end":{"line":7,"column":32}},"loc":{"start":{"line":7,"column":38},"end":{"line":16,"column":9}},"line":7},"2":{"name":"(anonymous_2)","decl":{"start":{"line":21,"column":4},"end":{"line":21,"column":5}},"loc":{"start":{"line":21,"column":41},"end":{"line":26,"column":5}},"line":21}},"branchMap":{},"s":{"0":5,"1":2,"2":2,"3":5,"4":5,"5":5,"6":5,"7":5,"8":5,"9":5,"10":5,"11":2,"12":2,"13":2,"14":2,"15":5},"f":{"0":2,"1":5,"2":2},"b":{},"_coverageSchema":"1a1c01bbd47fc00a2c39e90264f33305004495a9","hash":"e79736a26f4457621e7568e7a0aad4ff454e1a5b"}
,"C:\\Users\\lokis\\OneDrive\\Escritorio\\Class Stuff\\a. Spring 2023 Courses\\COSC 4353\\Fuel Price Calculator\\backend\\services\\user-service.js": {"path":"C:\\Users\\lokis\\OneDrive\\Escritorio\\Class Stuff\\a. Spring 2023 Courses\\COSC 4353\\Fuel Price Calculator\\backend\\services\\user-service.js","statementMap":{"0":{"start":{"line":1,"column":15},"end":{"line":1,"column":34}},"1":{"start":{"line":2,"column":31},"end":{"line":2,"column":47}},"2":{"start":{"line":3,"column":19},"end":{"line":3,"column":21}},"3":{"start":{"line":7,"column":8},"end":{"line":13,"column":9}},"4":{"start":{"line":8,"column":25},"end":{"line":8,"column":48}},"5":{"start":{"line":9,"column":12},"end":{"line":9,"column":24}},"6":{"start":{"line":11,"column":12},"end":{"line":11,"column":63}},"7":{"start":{"line":12,"column":12},"end":{"line":12,"column":19}},"8":{"start":{"line":17,"column":8},"end":{"line":36,"column":9}},"9":{"start":{"line":18,"column":25},"end":{"line":18,"column":48}},"10":{"start":{"line":21,"column":12},"end":{"line":23,"column":13}},"11":{"start":{"line":22,"column":16},"end":{"line":22,"column":61}},"12":{"start":{"line":26,"column":35},"end":{"line":26,"column":74}},"13":{"start":{"line":29,"column":12},"end":{"line":29,"column":54}},"14":{"start":{"line":32,"column":12},"end":{"line":32,"column":58}},"15":{"start":{"line":35,"column":12},"end":{"line":35,"column":24}},"16":{"start":{"line":40,"column":8},"end":{"line":59,"column":9}},"17":{"start":{"line":41,"column":25},"end":{"line":41,"column":48}},"18":{"start":{"line":43,"column":12},"end":{"line":45,"column":13}},"19":{"start":{"line":44,"column":16},"end":{"line":44,"column":57}},"20":{"start":{"line":48,"column":28},"end":{"line":48,"column":77}},"21":{"start":{"line":51,"column":12},"end":{"line":53,"column":13}},"22":{"start":{"line":52,"column":16},"end":{"line":52,"column":52}},"23":{"start":{"line":56,"column":12},"end":{"line":56,"column":24}},"24":{"start":{"line":58,"column":12},"end":{"line":58,"column":24}},"25":{"start":{"line":66,"column":0},"end":{"line":66,"column":29}}},"fnMap":{"0":{"name":"(anonymous_0)","decl":{"start":{"line":6,"column":4},"end":{"line":6,"column":5}},"loc":{"start":{"line":6,"column":45},"end":{"line":14,"column":5}},"line":6},"1":{"name":"(anonymous_1)","decl":{"start":{"line":16,"column":4},"end":{"line":16,"column":5}},"loc":{"start":{"line":16,"column":50},"end":{"line":37,"column":5}},"line":16},"2":{"name":"(anonymous_2)","decl":{"start":{"line":39,"column":4},"end":{"line":39,"column":5}},"loc":{"start":{"line":39,"column":47},"end":{"line":60,"column":5}},"line":39}},"branchMap":{"0":{"loc":{"start":{"line":21,"column":12},"end":{"line":23,"column":13}},"type":"if","locations":[{"start":{"line":21,"column":12},"end":{"line":23,"column":13}},{"start":{},"end":{}}],"line":21},"1":{"loc":{"start":{"line":43,"column":12},"end":{"line":45,"column":13}},"type":"if","locations":[{"start":{"line":43,"column":12},"end":{"line":45,"column":13}},{"start":{},"end":{}}],"line":43},"2":{"loc":{"start":{"line":43,"column":16},"end":{"line":43,"column":43}},"type":"binary-expr","locations":[{"start":{"line":43,"column":16},"end":{"line":43,"column":21}},{"start":{"line":43,"column":25},"end":{"line":43,"column":43}}],"line":43},"3":{"loc":{"start":{"line":51,"column":12},"end":{"line":53,"column":13}},"type":"if","locations":[{"start":{"line":51,"column":12},"end":{"line":53,"column":13}},{"start":{},"end":{}}],"line":51}},"s":{"0":5,"1":5,"2":5,"3":1,"4":1,"5":1,"6":0,"7":0,"8":4,"9":4,"10":4,"11":2,"12":2,"13":2,"14":2,"15":2,"16":4,"17":4,"18":4,"19":1,"20":3,"21":3,"22":1,"23":2,"24":2,"25":5},"f":{"0":1,"1":4,"2":4},"b":{"0":[2,2],"1":[1,3],"2":[4,3],"3":[1,2]},"_coverageSchema":"1a1c01bbd47fc00a2c39e90264f33305004495a9","hash":"230a6c95a8a5b8c841504983b3ae035608f6ae86"}
}
