TN:
SF:backend\db.js
FN:13,(anonymous_0)
FN:18,(anonymous_1)
FN:19,(anonymous_2)
FN:26,(anonymous_3)
FN:36,(anonymous_4)
FN:37,(anonymous_5)
FN:41,(anonymous_6)
FN:51,(anonymous_7)
FN:53,(anonymous_8)
FN:55,(anonymous_9)
FN:65,(anonymous_10)
FN:66,(anonymous_11)
FN:71,(anonymous_12)
FN:81,(anonymous_13)
FN:82,(anonymous_14)
FN:85,(anonymous_15)
FN:95,(anonymous_16)
FN:96,(anonymous_17)
FN:99,(anonymous_18)
FN:109,(anonymous_19)
FN:110,(anonymous_20)
FN:116,(anonymous_21)
FN:127,(anonymous_22)
FN:128,(anonymous_23)
FN:135,(anonymous_24)
FN:147,(anonymous_25)
FN:148,(anonymous_26)
FN:155,(anonymous_27)
FN:166,(anonymous_28)
FN:167,(anonymous_29)
FN:173,(anonymous_30)
FNF:31
FNH:31
FNDA:9,(anonymous_0)
FNDA:5,(anonymous_1)
FNDA:5,(anonymous_2)
FNDA:5,(anonymous_3)
FNDA:3,(anonymous_4)
FNDA:3,(anonymous_5)
FNDA:3,(anonymous_6)
FNDA:2,(anonymous_7)
FNDA:2,(anonymous_8)
FNDA:2,(anonymous_9)
FNDA:3,(anonymous_10)
FNDA:3,(anonymous_11)
FNDA:3,(anonymous_12)
FNDA:1,(anonymous_13)
FNDA:1,(anonymous_14)
FNDA:1,(anonymous_15)
FNDA:1,(anonymous_16)
FNDA:1,(anonymous_17)
FNDA:1,(anonymous_18)
FNDA:2,(anonymous_19)
FNDA:2,(anonymous_20)
FNDA:2,(anonymous_21)
FNDA:9,(anonymous_22)
FNDA:9,(anonymous_23)
FNDA:9,(anonymous_24)
FNDA:4,(anonymous_25)
FNDA:4,(anonymous_26)
FNDA:4,(anonymous_27)
FNDA:3,(anonymous_28)
FNDA:3,(anonymous_29)
FNDA:3,(anonymous_30)
DA:1,9
DA:2,9
DA:4,9
DA:13,9
DA:14,9
DA:15,9
DA:18,9
DA:19,5
DA:20,5
DA:26,5
DA:27,5
DA:28,0
DA:30,5
DA:36,9
DA:37,3
DA:38,3
DA:39,3
DA:41,3
DA:42,3
DA:43,1
DA:45,2
DA:51,9
DA:52,2
DA:53,2
DA:54,2
DA:55,2
DA:56,2
DA:57,0
DA:59,2
DA:65,9
DA:66,3
DA:67,3
DA:69,3
DA:70,3
DA:71,3
DA:72,3
DA:73,0
DA:75,3
DA:81,9
DA:82,1
DA:83,1
DA:84,1
DA:85,1
DA:86,1
DA:87,0
DA:89,1
DA:95,9
DA:96,1
DA:97,1
DA:98,1
DA:99,1
DA:100,1
DA:101,0
DA:103,1
DA:109,9
DA:110,2
DA:112,2
DA:113,2
DA:116,2
DA:117,2
DA:118,0
DA:120,2
DA:127,9
DA:128,9
DA:131,9
DA:132,9
DA:135,9
DA:136,9
DA:137,0
DA:139,9
DA:147,9
DA:148,4
DA:151,4
DA:152,4
DA:155,4
DA:156,4
DA:157,0
DA:159,4
DA:166,9
DA:167,3
DA:169,3
DA:170,3
DA:173,3
DA:174,3
DA:175,0
DA:178,3
DA:184,9
LF:87
LH:78
BRDA:14,0,0,0
BRDA:14,0,1,9
BRDA:27,1,0,0
BRDA:27,1,1,5
BRDA:42,2,0,1
BRDA:42,2,1,2
BRDA:56,3,0,0
BRDA:56,3,1,2
BRDA:72,4,0,0
BRDA:72,4,1,3
BRDA:86,5,0,0
BRDA:86,5,1,1
BRDA:100,6,0,0
BRDA:100,6,1,1
BRDA:117,7,0,0
BRDA:117,7,1,2
BRDA:136,8,0,0
BRDA:136,8,1,9
BRDA:156,9,0,0
BRDA:156,9,1,4
BRDA:174,10,0,0
BRDA:174,10,1,3
BRF:22
BRH:12
end_of_record
TN:
SF:backend\index.js
FN:40,(anonymous_0)
FNF:1
FNH:0
FNDA:0,(anonymous_0)
DA:1,4
DA:2,4
DA:4,4
DA:5,4
DA:6,4
DA:7,4
DA:9,4
DA:12,4
DA:13,4
DA:15,4
DA:22,4
DA:23,4
DA:24,4
DA:26,4
DA:27,4
DA:28,4
DA:29,4
DA:39,4
DA:40,0
DA:41,0
DA:45,4
LF:21
LH:19
BRDA:39,0,0,0
BRDA:39,0,1,4
BRF:2
BRH:1
end_of_record
TN:
SF:backend\routes\pricing.js
FN:12,(anonymous_0)
FNF:1
FNH:1
FNDA:6,(anonymous_0)
DA:1,6
DA:2,6
DA:4,6
DA:6,6
DA:9,6
DA:13,6
DA:14,6
DA:15,4
DA:18,2
DA:20,2
DA:21,2
DA:22,2
DA:24,0
DA:25,0
DA:29,6
LF:15
LH:13
BRDA:14,0,0,4
BRDA:14,0,1,2
BRF:2
BRH:2
end_of_record
TN:
SF:backend\routes\profile.js
FN:11,(anonymous_0)
FN:37,(anonymous_1)
FNF:2
FNH:2
FNDA:2,(anonymous_0)
FNDA:2,(anonymous_1)
DA:1,4
DA:2,4
DA:4,4
DA:6,4
DA:9,4
DA:12,2
DA:13,2
DA:14,1
DA:17,1
DA:19,1
DA:20,1
DA:21,1
DA:23,0
DA:24,0
DA:30,4
DA:38,2
DA:41,2
DA:42,2
DA:43,1
DA:46,1
DA:48,1
DA:49,1
DA:51,1
DA:52,0
DA:55,1
DA:57,0
DA:58,0
DA:63,4
LF:28
LH:23
BRDA:13,0,0,1
BRDA:13,0,1,1
BRDA:42,1,0,1
BRDA:42,1,1,1
BRDA:51,2,0,0
BRDA:51,2,1,1
BRF:6
BRH:5
end_of_record
TN:
SF:backend\routes\quote.js
FN:12,(anonymous_0)
FN:37,(anonymous_1)
FNF:2
FNH:2
FNDA:2,(anonymous_0)
FNDA:2,(anonymous_1)
DA:1,4
DA:2,4
DA:4,4
DA:6,4
DA:10,4
DA:13,2
DA:14,2
DA:15,1
DA:18,1
DA:20,1
DA:21,1
DA:22,1
DA:24,0
DA:25,0
DA:31,4
DA:38,2
DA:39,2
DA:40,1
DA:43,1
DA:45,1
DA:46,1
DA:47,1
DA:49,0
DA:50,0
DA:53,4
LF:25
LH:21
BRDA:14,0,0,1
BRDA:14,0,1,1
BRDA:39,1,0,1
BRDA:39,1,1,1
BRF:4
BRH:4
end_of_record
TN:
SF:backend\routes\user.js
FN:11,(anonymous_0)
FN:33,(anonymous_1)
FN:54,(anonymous_2)
FNF:3
FNH:3
FNDA:2,(anonymous_0)
FNDA:3,(anonymous_1)
FNDA:2,(anonymous_2)
DA:1,4
DA:2,4
DA:4,4
DA:6,4
DA:9,4
DA:12,2
DA:13,2
DA:14,1
DA:17,1
DA:19,1
DA:20,1
DA:21,1
DA:23,0
DA:24,0
DA:30,4
DA:34,3
DA:35,3
DA:36,1
DA:39,2
DA:41,2
DA:42,2
DA:43,1
DA:45,1
DA:46,1
DA:51,4
DA:55,2
DA:56,2
DA:57,1
DA:60,1
DA:61,1
DA:62,1
DA:63,1
DA:65,0
DA:66,0
DA:71,4
LF:35
LH:31
BRDA:13,0,0,1
BRDA:13,0,1,1
BRDA:35,1,0,1
BRDA:35,1,1,2
BRDA:56,2,0,1
BRDA:56,2,1,1
BRF:6
BRH:6
end_of_record
TN:
SF:backend\services\pricing-service.js
FN:4,(anonymous_0)
FNF:1
FNH:1
FNDA:3,(anonymous_0)
DA:1,6
DA:5,3
DA:6,0
DA:8,3
DA:10,3
DA:11,3
DA:12,3
DA:15,0
DA:18,3
DA:20,3
DA:21,3
DA:24,3
DA:25,0
DA:28,3
DA:30,3
DA:31,3
DA:32,3
DA:36,6
LF:18
LH:15
BRDA:5,0,0,0
BRDA:5,0,1,3
BRDA:5,1,0,3
BRDA:5,1,1,3
BRDA:5,1,2,3
BRDA:11,2,0,3
BRDA:11,2,1,0
BRDA:20,3,0,3
BRDA:20,3,1,0
BRDA:20,4,0,3
BRDA:20,4,1,3
BRDA:24,5,0,0
BRDA:24,5,1,3
BRF:13
BRH:9
end_of_record
TN:
SF:backend\services\profile-service.js
FN:6,(anonymous_0)
FN:11,(anonymous_1)
FNF:2
FNH:2
FNDA:2,(anonymous_0)
FNDA:3,(anonymous_1)
DA:1,4
DA:2,4
DA:7,2
DA:8,2
DA:12,3
DA:13,3
DA:14,3
DA:15,1
DA:16,1
DA:17,1
DA:18,1
DA:19,1
DA:20,1
DA:23,3
DA:24,3
DA:28,4
LF:16
LH:16
BRDA:14,0,0,1
BRDA:14,0,1,2
BRDA:14,1,0,3
BRDA:14,1,1,3
BRF:4
BRH:4
end_of_record
TN:
SF:backend\services\quote-service.js
FN:5,(anonymous_0)
FN:7,(anonymous_1)
FN:21,(anonymous_2)
FNF:3
FNH:3
FNDA:2,(anonymous_0)
FNDA:5,(anonymous_1)
FNDA:2,(anonymous_2)
DA:1,5
DA:6,2
DA:7,2
DA:8,5
DA:9,5
DA:10,5
DA:11,5
DA:12,5
DA:13,5
DA:14,5
DA:15,5
DA:18,2
DA:22,2
DA:24,2
DA:25,2
DA:29,5
LF:16
LH:16
BRF:0
BRH:0
end_of_record
TN:
SF:backend\services\user-service.js
FN:6,(anonymous_0)
FN:16,(anonymous_1)
FN:39,(anonymous_2)
FNF:3
FNH:3
FNDA:1,(anonymous_0)
FNDA:4,(anonymous_1)
FNDA:4,(anonymous_2)
DA:1,5
DA:2,5
DA:3,5
DA:7,1
DA:8,1
DA:9,1
DA:11,0
DA:12,0
DA:17,4
DA:18,4
DA:21,4
DA:22,2
DA:26,2
DA:29,2
DA:32,2
DA:35,2
DA:40,4
DA:41,4
DA:43,4
DA:44,1
DA:48,3
DA:51,3
DA:52,1
DA:56,2
DA:58,2
DA:66,5
LF:26
LH:24
BRDA:21,0,0,2
BRDA:21,0,1,2
BRDA:43,1,0,1
BRDA:43,1,1,3
BRDA:43,2,0,4
BRDA:43,2,1,3
BRDA:51,3,0,1
BRDA:51,3,1,2
BRF:8
BRH:8
end_of_record
